<?xml version="1.0" encoding="UTF-8"?>
<testsuite name="com.ceiba.jenkins.JenkinsApplicationTests" tests="1" skipped="0" failures="0" errors="0" timestamp="2018-11-07T14:04:15" hostname="CARLOS-BAEZ" time="0.265">
  <properties/>
  <testcase name="contextLoads" classname="com.ceiba.jenkins.JenkinsApplicationTests" time="0.265"/>
  <system-out><![CDATA[09:04:02.563 [Test worker] DEBUG org.springframework.test.context.junit4.SpringJUnit4ClassRunner - SpringJUnit4ClassRunner constructor called with [class com.ceiba.jenkins.JenkinsApplicationTests]
09:04:02.597 [Test worker] DEBUG org.springframework.test.context.BootstrapUtils - Instantiating CacheAwareContextLoaderDelegate from class [org.springframework.test.context.cache.DefaultCacheAwareContextLoaderDelegate]
09:04:02.636 [Test worker] DEBUG org.springframework.test.context.BootstrapUtils - Instantiating BootstrapContext using constructor [public org.springframework.test.context.support.DefaultBootstrapContext(java.lang.Class,org.springframework.test.context.CacheAwareContextLoaderDelegate)]
09:04:02.720 [Test worker] DEBUG org.springframework.test.context.BootstrapUtils - Instantiating TestContextBootstrapper for test class [com.ceiba.jenkins.JenkinsApplicationTests] from class [org.springframework.boot.test.context.SpringBootTestContextBootstrapper]
09:04:02.782 [Test worker] INFO org.springframework.boot.test.context.SpringBootTestContextBootstrapper - Neither @ContextConfiguration nor @ContextHierarchy found for test class [com.ceiba.jenkins.JenkinsApplicationTests], using SpringBootContextLoader
09:04:02.798 [Test worker] DEBUG org.springframework.test.context.support.AbstractContextLoader - Did not detect default resource location for test class [com.ceiba.jenkins.JenkinsApplicationTests]: class path resource [com/ceiba/jenkins/JenkinsApplicationTests-context.xml] does not exist
09:04:02.803 [Test worker] DEBUG org.springframework.test.context.support.AbstractContextLoader - Did not detect default resource location for test class [com.ceiba.jenkins.JenkinsApplicationTests]: class path resource [com/ceiba/jenkins/JenkinsApplicationTestsContext.groovy] does not exist
09:04:02.807 [Test worker] INFO org.springframework.test.context.support.AbstractContextLoader - Could not detect default resource locations for test class [com.ceiba.jenkins.JenkinsApplicationTests]: no resource found for suffixes {-context.xml, Context.groovy}.
09:04:02.813 [Test worker] INFO org.springframework.test.context.support.AnnotationConfigContextLoaderUtils - Could not detect default configuration classes for test class [com.ceiba.jenkins.JenkinsApplicationTests]: JenkinsApplicationTests does not declare any static, non-private, non-final, nested classes annotated with @Configuration.
09:04:02.985 [Test worker] DEBUG org.springframework.test.context.support.ActiveProfilesUtils - Could not find an 'annotation declaring class' for annotation type [org.springframework.test.context.ActiveProfiles] and class [com.ceiba.jenkins.JenkinsApplicationTests]
09:04:03.025 [Test worker] DEBUG org.springframework.core.env.StandardEnvironment - Adding PropertySource 'systemProperties' with lowest search precedence
09:04:03.026 [Test worker] DEBUG org.springframework.core.env.StandardEnvironment - Adding PropertySource 'systemEnvironment' with lowest search precedence
09:04:03.028 [Test worker] DEBUG org.springframework.core.env.StandardEnvironment - Initialized StandardEnvironment with PropertySources [MapPropertySource@1676372407 {name='systemProperties', properties={java.runtime.name=Java(TM) SE Runtime Environment, sun.boot.library.path=C:\Program Files\Java\jdk1.8.0_191\jre\bin, java.vm.version=25.191-b12, java.vm.vendor=Oracle Corporation, java.vendor.url=http://java.oracle.com/, path.separator=;, java.vm.name=Java HotSpot(TM) 64-Bit Server VM, file.encoding.pkg=sun.io, user.script=, sun.java.launcher=SUN_STANDARD, user.country=US, sun.os.patch.level=, java.vm.specification.name=Java Virtual Machine Specification, user.dir=C:\Users\carlos.baez\Documents\java_projects\jenkins, java.runtime.version=1.8.0_191-b12, java.awt.graphicsenv=sun.awt.Win32GraphicsEnvironment, java.endorsed.dirs=C:\Program Files\Java\jdk1.8.0_191\jre\lib\endorsed, os.arch=amd64, java.io.tmpdir=C:\Users\CARLOS~1.BAE\AppData\Local\Temp\, line.separator=
, java.vm.specification.vendor=Oracle Corporation, user.variant=, os.name=Windows 10, sun.jnu.encoding=Cp1252, java.library.path=C:\Program Files\Java\jdk1.8.0_191\bin;C:\Windows\Sun\Java\bin;C:\Windows\system32;C:\Windows;C:\Program Files (x86)\Common Files\Oracle\Java\javapath;C:\Oracle\product\12.2.0\client_1\bin;C:\Program Files\CollabNet\Subversion Client;C:\Windows\system32;C:\Windows;C:\Windows\System32\Wbem;C:\Windows\System32\WindowsPowerShell\v1.0\;C:\Windows\System32\OpenSSH\;C:\Program Files\TortoiseSVN\bin;C:\Program Files (x86)\ATI Technologies\ATI.ACE\Core-Static;C:\Program Files\PuTTY\;C:\Program Files\Git\cmd;C:\Program Files\nodejs\;C:\Users\carlos.baez\AppData\Local\Microsoft\WindowsApps;;C:\Users\carlos.baez\AppData\Local\Programs\Microsoft VS Code\bin;C:\Users\carlos.baez\AppData\Roaming\npm;., java.specification.name=Java Platform API Specification, java.class.version=52.0, org.gradle.native=false, sun.management.compiler=HotSpot 64-Bit Tiered Compilers, os.version=10.0, user.home=C:\Users\carlos.baez, user.timezone=America/Bogota, java.awt.printerjob=sun.awt.windows.WPrinterJob, file.encoding=windows-1252, java.specification.version=1.8, java.class.path=C:\Users\carlos.baez\Documents\java_projects\jenkins\build\classes\java\test;C:\Users\carlos.baez\Documents\java_projects\jenkins\build\resources\test;C:\Users\carlos.baez\Documents\java_projects\jenkins\build\classes\java\main;C:\Users\carlos.baez\Documents\java_projects\jenkins\build\resources\main;C:\Users\carlos.baez\.gradle\caches\modules-2\files-2.1\org.springframework.boot\spring-boot-starter-data-jpa\2.0.6.RELEASE\5c73f7a2c27920a32eefb8b172f3aa387295751b\spring-boot-starter-data-jpa-2.0.6.RELEASE.jar;C:\Users\carlos.baez\.gradle\caches\modules-2\files-2.1\org.springframework.boot\spring-boot-starter-web\2.0.6.RELEASE\e803fc341b450b2ce01734df12e5881b8e78c0a7\spring-boot-starter-web-2.0.6.RELEASE.jar;C:\Users\carlos.baez\.gradle\caches\modules-2\files-2.1\com.h2database\h2\1.4.197\bb391050048ca8ae3e32451b5a3714ecd3596a46\h2-1.4.197.jar;C:\Users\carlos.baez\.gradle\caches\modules-2\files-2.1\org.springframework.boot\spring-boot-starter-test\2.0.6.RELEASE\f92fd015cfc9a9bd6ae653dca8d4ec5b83d4ba00\spring-boot-starter-test-2.0.6.RELEASE.jar;C:\Users\carlos.baez\.gradle\caches\modules-2\files-2.1\org.springframework.boot\spring-boot-starter-aop\2.0.6.RELEASE\f3db2e05267686fd97af5460a155bac4298fab4d\spring-boot-starter-aop-2.0.6.RELEASE.jar;C:\Users\carlos.baez\.gradle\caches\modules-2\files-2.1\org.springframework.boot\spring-boot-starter-jdbc\2.0.6.RELEASE\5a65c8ce23562f18d70df947bffcd353e1ac2a41\spring-boot-starter-jdbc-2.0.6.RELEASE.jar;C:\Users\carlos.baez\.gradle\caches\modules-2\files-2.1\org.springframework.boot\spring-boot-starter-json\2.0.6.RELEASE\1b3912af3eecdbbc6cda497acc7939f2ce21e39d\spring-boot-starter-json-2.0.6.RELEASE.jar;C:\Users\carlos.baez\.gradle\caches\modules-2\files-2.1\org.springframework.boot\spring-boot-starter\2.0.6.RELEASE\9d904a4387e076343a3478c32198ec7d9d633ff4\spring-boot-starter-2.0.6.RELEASE.jar;C:\Users\carlos.baez\.gradle\caches\modules-2\files-2.1\javax.transaction\javax.transaction-api\1.2\d81aff979d603edd90dcd8db2abc1f4ce6479e3e\javax.transaction-api-1.2.jar;C:\Users\carlos.baez\.gradle\caches\modules-2\files-2.1\org.hibernate\hibernate-core\5.2.17.Final\f2dc36470e7a2ffcf6106bb1625ecf5b54bb5f65\hibernate-core-5.2.17.Final.jar;C:\Users\carlos.baez\.gradle\caches\modules-2\files-2.1\org.springframework.data\spring-data-jpa\2.0.11.RELEASE\40106aade7ec8ec9e3310d25a5c310dd7e8260d5\spring-data-jpa-2.0.11.RELEASE.jar;C:\Users\carlos.baez\.gradle\caches\modules-2\files-2.1\org.springframework\spring-aspects\5.0.10.RELEASE\1c86d8efa425cdbe7e6d2681816d388c0d30efa7\spring-aspects-5.0.10.RELEASE.jar;C:\Users\carlos.baez\.gradle\caches\modules-2\files-2.1\org.springframework.boot\spring-boot-starter-tomcat\2.0.6.RELEASE\64b22bc3d0ba734532e7cbe941354985f2a86242\spring-boot-starter-tomcat-2.0.6.RELEASE.jar;C:\Users\carlos.baez\.gradle\caches\modules-2\files-2.1\org.hibernate.validator\hibernate-validator\6.0.13.Final\af4232bf90ecd33c71147d67185dbb1cfe8f33df\hibernate-validator-6.0.13.Final.jar;C:\Users\carlos.baez\.gradle\caches\modules-2\files-2.1\org.springframework\spring-webmvc\5.0.10.RELEASE\88a601321e2b4e3b84eed0909c24b9dd8e453b5f\spring-webmvc-5.0.10.RELEASE.jar;C:\Users\carlos.baez\.gradle\caches\modules-2\files-2.1\org.springframework\spring-web\5.0.10.RELEASE\fbaaa53ec99f45fd7aaf9125beeb5c3388cce088\spring-web-5.0.10.RELEASE.jar;C:\Users\carlos.baez\.gradle\caches\modules-2\files-2.1\org.springframework.boot\spring-boot-test-autoconfigure\2.0.6.RELEASE\b0eb15474e795850dfa59b01ee6a83d7a39e3645\spring-boot-test-autoconfigure-2.0.6.RELEASE.jar;C:\Users\carlos.baez\.gradle\caches\modules-2\files-2.1\org.springframework.boot\spring-boot-test\2.0.6.RELEASE\33a53ca6d55f35b3a89320c260262a5310ba8afc\spring-boot-test-2.0.6.RELEASE.jar;C:\Users\carlos.baez\.gradle\caches\modules-2\files-2.1\com.jayway.jsonpath\json-path\2.4.0\765a4401ceb2dc8d40553c2075eb80a8fa35c2ae\json-path-2.4.0.jar;C:\Users\carlos.baez\.gradle\caches\modules-2\files-2.1\junit\junit\4.12\2973d150c0dc1fefe998f834810d68f278ea58ec\junit-4.12.jar;C:\Users\carlos.baez\.gradle\caches\modules-2\files-2.1\org.assertj\assertj-core\3.9.1\c5ce126b15f28d56cd8f960c1a6a058b9c9aea87\assertj-core-3.9.1.jar;C:\Users\carlos.baez\.gradle\caches\modules-2\files-2.1\org.mockito\mockito-core\2.15.0\b84bfbbc29cd22c9529409627af6ea2897f4fa85\mockito-core-2.15.0.jar;C:\Users\carlos.baez\.gradle\caches\modules-2\files-2.1\org.hamcrest\hamcrest-library\1.3\4785a3c21320980282f9f33d0d1264a69040538f\hamcrest-library-1.3.jar;C:\Users\carlos.baez\.gradle\caches\modules-2\files-2.1\org.hamcrest\hamcrest-core\1.3\42a25dc3219429f0e5d060061f71acb49bf010a0\hamcrest-core-1.3.jar;C:\Users\carlos.baez\.gradle\caches\modules-2\files-2.1\org.skyscreamer\jsonassert\1.5.0\6c9d5fe2f59da598d9aefc1cfc6528ff3cf32df3\jsonassert-1.5.0.jar;C:\Users\carlos.baez\.gradle\caches\modules-2\files-2.1\org.springframework\spring-test\5.0.10.RELEASE\1d2d272073f36c689c693ec3ec94d7ad7e136a2e\spring-test-5.0.10.RELEASE.jar;C:\Users\carlos.baez\.gradle\caches\modules-2\files-2.1\org.springframework.boot\spring-boot-autoconfigure\2.0.6.RELEASE\e8c88fd703dbdf79f94178a5018ad67d1ecb1d0d\spring-boot-autoconfigure-2.0.6.RELEASE.jar;C:\Users\carlos.baez\.gradle\caches\modules-2\files-2.1\org.springframework.boot\spring-boot\2.0.6.RELEASE\4d214b08bbc74f03d404e8fc862102334e0f73d1\spring-boot-2.0.6.RELEASE.jar;C:\Users\carlos.baez\.gradle\caches\modules-2\files-2.1\org.springframework\spring-orm\5.0.10.RELEASE\ea0e14a753820eb47b63654e495ea370841da156\spring-orm-5.0.10.RELEASE.jar;C:\Users\carlos.baez\.gradle\caches\modules-2\files-2.1\org.springframework\spring-jdbc\5.0.10.RELEASE\16ff6fad897185eb3fb01c58796de04b9b1e8c86\spring-jdbc-5.0.10.RELEASE.jar;C:\Users\carlos.baez\.gradle\caches\modules-2\files-2.1\org.springframework.data\spring-data-commons\2.0.11.RELEASE\273e5cd5d6e772b5c4208b12771ed48647b2b9bb\spring-data-commons-2.0.11.RELEASE.jar;C:\Users\carlos.baez\.gradle\caches\modules-2\files-2.1\org.springframework\spring-context\5.0.10.RELEASE\6f53de0618219fefc2aebf92ba175e6b33e14ce0\spring-context-5.0.10.RELEASE.jar;C:\Users\carlos.baez\.gradle\caches\modules-2\files-2.1\org.springframework\spring-tx\5.0.10.RELEASE\55608ae84fde15eb942d675e3b1ee7d30394d4cb\spring-tx-5.0.10.RELEASE.jar;C:\Users\carlos.baez\.gradle\caches\modules-2\files-2.1\org.springframework\spring-aop\5.0.10.RELEASE\da65874f61aef9c25db794f493e50683346d3056\spring-aop-5.0.10.RELEASE.jar;C:\Users\carlos.baez\.gradle\caches\modules-2\files-2.1\org.springframework\spring-beans\5.0.10.RELEASE\8ec7da928082a123c50d5d70cd4b46382db27e8b\spring-beans-5.0.10.RELEASE.jar;C:\Users\carlos.baez\.gradle\caches\modules-2\files-2.1\org.springframework\spring-expression\5.0.10.RELEASE\eaf8595e3bf18ef1aca1c233d9871552d258e38a\spring-expression-5.0.10.RELEASE.jar;C:\Users\carlos.baez\.gradle\caches\modules-2\files-2.1\org.springframework\spring-core\5.0.10.RELEASE\cb270a60ceb573961588f511222984de64b4bc96\spring-core-5.0.10.RELEASE.jar;C:\Users\carlos.baez\.gradle\caches\modules-2\files-2.1\org.xmlunit\xmlunit-core\2.5.1\4ffdb346572a7356f7521cd3119ce5287d2e339d\xmlunit-core-2.5.1.jar;C:\Users\carlos.baez\.gradle\caches\modules-2\files-2.1\org.springframework.boot\spring-boot-starter-logging\2.0.6.RELEASE\a730d62c8eb80cdc95e5089e47570d24731cf5dd\spring-boot-starter-logging-2.0.6.RELEASE.jar;C:\Users\carlos.baez\.gradle\caches\modules-2\files-2.1\javax.annotation\javax.annotation-api\1.3.2\934c04d3cfef185a8008e7bf34331b79730a9d43\javax.annotation-api-1.3.2.jar;C:\Users\carlos.baez\.gradle\caches\modules-2\files-2.1\org.yaml\snakeyaml\1.19\2d998d3d674b172a588e54ab619854d073f555b5\snakeyaml-1.19.jar;C:\Users\carlos.baez\.gradle\caches\modules-2\files-2.1\org.aspectj\aspectjweaver\1.8.13\ad94df2a28d658a40dc27bbaff6a1ce5fbf04e9b\aspectjweaver-1.8.13.jar;C:\Users\carlos.baez\.gradle\caches\modules-2\files-2.1\com.zaxxer\HikariCP\2.7.9\a83113d2c091d0d0f853dad3217bd7df3beb6ae3\HikariCP-2.7.9.jar;C:\Users\carlos.baez\.gradle\caches\modules-2\files-2.1\org.hibernate.common\hibernate-commons-annotations\5.0.1.Final\71e1cff3fcb20d3b3af4f3363c3ddb24d33c6879\hibernate-commons-annotations-5.0.1.Final.jar;C:\Users\carlos.baez\.gradle\caches\modules-2\files-2.1\org.jboss.logging\jboss-logging\3.3.2.Final\3789d00e859632e6c6206adc0c71625559e6e3b0\jboss-logging-3.3.2.Final.jar;C:\Users\carlos.baez\.gradle\caches\modules-2\files-2.1\org.hibernate.javax.persistence\hibernate-jpa-2.1-api\1.0.2.Final\52afb5762c704a6b586e27742470c08f91877fc1\hibernate-jpa-2.1-api-1.0.2.Final.jar;C:\Users\carlos.baez\.gradle\caches\modules-2\files-2.1\org.javassist\javassist\3.22.0-GA\3e83394258ae2089be7219b971ec21a8288528ad\javassist-3.22.0-GA.jar;C:\Users\carlos.baez\.gradle\caches\modules-2\files-2.1\antlr\antlr\2.7.7\83cd2cd674a217ade95a4bb83a8a14f351f48bd0\antlr-2.7.7.jar;C:\Users\carlos.baez\.gradle\caches\modules-2\files-2.1\org.jboss\jandex\2.0.3.Final\bfc4d6257dbff7a33a357f0de116be6ff951d849\jandex-2.0.3.Final.jar;C:\Users\carlos.baez\.gradle\caches\modules-2\files-2.1\com.fasterxml\classmate\1.3.4\3d5f48f10bbe4eb7bd862f10c0583be2e0053c6\classmate-1.3.4.jar;C:\Users\carlos.baez\.gradle\caches\modules-2\files-2.1\dom4j\dom4j\1.6.1\5d3ccc056b6f056dbf0dddfdf43894b9065a8f94\dom4j-1.6.1.jar;C:\Users\carlos.baez\.gradle\caches\modules-2\files-2.1\ch.qos.logback\logback-classic\1.2.3\7c4f3c474fb2c041d8028740440937705ebb473a\logback-classic-1.2.3.jar;C:\Users\carlos.baez\.gradle\caches\modules-2\files-2.1\org.apache.logging.log4j\log4j-to-slf4j\2.10.0\f7e631ccf49cfc0aefa4a2a728da7d374c05bd3c\log4j-to-slf4j-2.10.0.jar;C:\Users\carlos.baez\.gradle\caches\modules-2\files-2.1\org.slf4j\jul-to-slf4j\1.7.25\af5364cd6679bfffb114f0dec8a157aaa283b76\jul-to-slf4j-1.7.25.jar;C:\Users\carlos.baez\.gradle\caches\modules-2\files-2.1\org.slf4j\slf4j-api\1.7.25\da76ca59f6a57ee3102f8f9bd9cee742973efa8a\slf4j-api-1.7.25.jar;C:\Users\carlos.baez\.gradle\caches\modules-2\files-2.1\com.fasterxml.jackson.datatype\jackson-datatype-jdk8\2.9.7\98d8f190db07f97c64c0ea3af5792f718a6c2cc1\jackson-datatype-jdk8-2.9.7.jar;C:\Users\carlos.baez\.gradle\caches\modules-2\files-2.1\com.fasterxml.jackson.datatype\jackson-datatype-jsr310\2.9.7\cbd919f1ce67533e07b98dd493247e8dbabc26b2\jackson-datatype-jsr310-2.9.7.jar;C:\Users\carlos.baez\.gradle\caches\modules-2\files-2.1\com.fasterxml.jackson.module\jackson-module-parameter-names\2.9.7\f2bdd7696beffa2dbc5dc62cd24c3906a40ffcff\jackson-module-parameter-names-2.9.7.jar;C:\Users\carlos.baez\.gradle\caches\modules-2\files-2.1\com.fasterxml.jackson.core\jackson-databind\2.9.7\e6faad47abd3179666e89068485a1b88a195ceb7\jackson-databind-2.9.7.jar;C:\Users\carlos.baez\.gradle\caches\modules-2\files-2.1\org.apache.tomcat.embed\tomcat-embed-websocket\8.5.34\5f86906367c2540b21e6aeecc277d2ce9ec939b0\tomcat-embed-websocket-8.5.34.jar;C:\Users\carlos.baez\.gradle\caches\modules-2\files-2.1\org.apache.tomcat.embed\tomcat-embed-core\8.5.34\a038040d68a90397f95dd1e11b979fe364a5000f\tomcat-embed-core-8.5.34.jar;C:\Users\carlos.baez\.gradle\caches\modules-2\files-2.1\org.apache.tomcat.embed\tomcat-embed-el\8.5.34\be71a9a5bdd001db7cf97c47429eec0bdd3b7b88\tomcat-embed-el-8.5.34.jar;C:\Users\carlos.baez\.gradle\caches\modules-2\files-2.1\javax.validation\validation-api\2.0.1.Final\cb855558e6271b1b32e716d24cb85c7f583ce09e\validation-api-2.0.1.Final.jar;C:\Users\carlos.baez\.gradle\caches\modules-2\files-2.1\net.minidev\json-smart\2.3\7396407491352ce4fa30de92efb158adb76b5b\json-smart-2.3.jar;C:\Users\carlos.baez\.gradle\caches\modules-2\files-2.1\net.bytebuddy\byte-buddy\1.7.11\f02857a4e2c66ccbe7aaad6100a0a6c461bce9b3\byte-buddy-1.7.11.jar;C:\Users\carlos.baez\.gradle\caches\modules-2\files-2.1\net.bytebuddy\byte-buddy-agent\1.7.11\b425a8933ca07edd03c6dbc8bc3b595fba9780de\byte-buddy-agent-1.7.11.jar;C:\Users\carlos.baez\.gradle\caches\modules-2\files-2.1\org.objenesis\objenesis\2.6\639033469776fd37c08358c6b92a4761feb2af4b\objenesis-2.6.jar;C:\Users\carlos.baez\.gradle\caches\modules-2\files-2.1\com.vaadin.external.google\android-json\0.0.20131108.vaadin1\fa26d351fe62a6a17f5cda1287c1c6110dec413f\android-json-0.0.20131108.vaadin1.jar;C:\Users\carlos.baez\.gradle\caches\modules-2\files-2.1\org.springframework\spring-jcl\5.0.10.RELEASE\8d6a766be91ae5613f2828eb9f77739a47ceb357\spring-jcl-5.0.10.RELEASE.jar;C:\Users\carlos.baez\.gradle\caches\modules-2\files-2.1\com.fasterxml.jackson.core\jackson-annotations\2.9.0\7c10d545325e3a6e72e06381afe469fd40eb701\jackson-annotations-2.9.0.jar;C:\Users\carlos.baez\.gradle\caches\modules-2\files-2.1\com.fasterxml.jackson.core\jackson-core\2.9.7\4b7f0e0dc527fab032e9800ed231080fdc3ac015\jackson-core-2.9.7.jar;C:\Users\carlos.baez\.gradle\caches\modules-2\files-2.1\net.minidev\accessors-smart\1.2\c592b500269bfde36096641b01238a8350f8aa31\accessors-smart-1.2.jar;C:\Users\carlos.baez\.gradle\caches\modules-2\files-2.1\ch.qos.logback\logback-core\1.2.3\864344400c3d4d92dfeb0a305dc87d953677c03c\logback-core-1.2.3.jar;C:\Users\carlos.baez\.gradle\caches\modules-2\files-2.1\org.apache.logging.log4j\log4j-api\2.10.0\fec5797a55b786184a537abd39c3fa1449d752d6\log4j-api-2.10.0.jar;C:\Users\carlos.baez\.gradle\caches\modules-2\files-2.1\org.ow2.asm\asm\5.0.4\da08b8cce7bbf903602a25a3a163ae252435795\asm-5.0.4.jar, user.name=carlos.baez, java.vm.specification.version=1.8, sun.java.command=worker.org.gradle.process.internal.worker.GradleWorkerMain 'Gradle Test Executor 1', java.home=C:\Program Files\Java\jdk1.8.0_191\jre, sun.arch.data.model=64, user.language=en, java.specification.vendor=Oracle Corporation, awt.toolkit=sun.awt.windows.WToolkit, java.vm.info=mixed mode, java.version=1.8.0_191, java.ext.dirs=C:\Program Files\Java\jdk1.8.0_191\jre\lib\ext;C:\Windows\Sun\Java\lib\ext, sun.boot.class.path=C:\Program Files\Java\jdk1.8.0_191\jre\lib\resources.jar;C:\Program Files\Java\jdk1.8.0_191\jre\lib\rt.jar;C:\Program Files\Java\jdk1.8.0_191\jre\lib\sunrsasign.jar;C:\Program Files\Java\jdk1.8.0_191\jre\lib\jsse.jar;C:\Program Files\Java\jdk1.8.0_191\jre\lib\jce.jar;C:\Program Files\Java\jdk1.8.0_191\jre\lib\charsets.jar;C:\Program Files\Java\jdk1.8.0_191\jre\lib\jfr.jar;C:\Program Files\Java\jdk1.8.0_191\jre\classes, java.vendor=Oracle Corporation, org.gradle.test.worker=1, file.separator=\, java.vendor.url.bug=http://bugreport.sun.com/bugreport/, sun.io.unicode.encoding=UnicodeLittle, sun.cpu.endian=little, sun.desktop=windows, sun.cpu.isalist=amd64}}, SystemEnvironmentPropertySource@1381843142 {name='systemEnvironment', properties={USERDOMAIN_ROAMINGPROFILE=CEIBA, PROCESSOR_LEVEL=6, SESSIONNAME=Console, ALLUSERSPROFILE=C:\ProgramData, PROCESSOR_ARCHITECTURE=AMD64, PSModulePath=C:\Program Files\WindowsPowerShell\Modules;C:\Windows\system32\WindowsPowerShell\v1.0\Modules, SystemDrive=C:, DIRNAME=C:\Users\carlos.baez\Documents\java_projects\jenkins\, USERNAME=carlos.baez, USERDNSDOMAIN=CEIBA.LOCAL, CMD_LINE_ARGS=test --stacktrace --debug, ProgramFiles(x86)=C:\Program Files (x86), FPS_BROWSER_USER_PROFILE_STRING=Default, APP_HOME=C:\Users\carlos.baez\Documents\java_projects\jenkins\, PATHEXT=.COM;.EXE;.BAT;.CMD;.VBS;.VBE;.JS;.JSE;.WSF;.WSH;.MSC, DriverData=C:\Windows\System32\Drivers\DriverData, ProgramData=C:\ProgramData, ProgramW6432=C:\Program Files, HOMEPATH=\Users\carlos.baez, PROCESSOR_IDENTIFIER=Intel64 Family 6 Model 60 Stepping 3, GenuineIntel, ProgramFiles=C:\Program Files, PUBLIC=C:\Users\Public, windir=C:\Windows, =::=::\, _SKIP=2, LOCALAPPDATA=C:\Users\carlos.baez\AppData\Local, USERDOMAIN=CEIBA, FPS_BROWSER_APP_PROFILE_STRING=Internet Explorer, LOGONSERVER=\\CRONOS, JAVA_HOME=C:\Program Files\Java\jdk1.8.0_191, PROMPT=$P$G, OneDrive=C:\Users\carlos.baez\OneDrive, =C:=C:\Users\carlos.baez\Documents\java_projects\jenkins, APPDATA=C:\Users\carlos.baez\AppData\Roaming, JAVA_EXE=C:\Program Files\Java\jdk1.8.0_191/bin/java.exe, CommonProgramFiles=C:\Program Files\Common Files, Path=C:\Program Files (x86)\Common Files\Oracle\Java\javapath;C:\Oracle\product\12.2.0\client_1\bin;C:\Program Files\CollabNet\Subversion Client;C:\Windows\system32;C:\Windows;C:\Windows\System32\Wbem;C:\Windows\System32\WindowsPowerShell\v1.0\;C:\Windows\System32\OpenSSH\;C:\Program Files\TortoiseSVN\bin;C:\Program Files (x86)\ATI Technologies\ATI.ACE\Core-Static;C:\Program Files\PuTTY\;C:\Program Files\Git\cmd;C:\Program Files\nodejs\;C:\Users\carlos.baez\AppData\Local\Microsoft\WindowsApps;;C:\Users\carlos.baez\AppData\Local\Programs\Microsoft VS Code\bin;C:\Users\carlos.baez\AppData\Roaming\npm, OS=Windows_NT, COMPUTERNAME=CARLOS-BAEZ, PROCESSOR_REVISION=3c03, CLASSPATH=C:\Users\carlos.baez\Documents\java_projects\jenkins\\gradle\wrapper\gradle-wrapper.jar, CommonProgramW6432=C:\Program Files\Common Files, ComSpec=C:\Windows\system32\cmd.exe, APP_BASE_NAME=gradlew, SystemRoot=C:\Windows, TEMP=C:\Users\CARLOS~1.BAE\AppData\Local\Temp, HOMEDRIVE=C:, USERPROFILE=C:\Users\carlos.baez, TMP=C:\Users\CARLOS~1.BAE\AppData\Local\Temp, CommonProgramFiles(x86)=C:\Program Files (x86)\Common Files, NUMBER_OF_PROCESSORS=4}}]
09:04:03.100 [Test worker] DEBUG org.springframework.core.io.support.PathMatchingResourcePatternResolver - Resolved classpath location [com/ceiba/jenkins/] to resources [URL [file:/C:/Users/carlos.baez/Documents/java_projects/jenkins/build/classes/java/test/com/ceiba/jenkins/], URL [file:/C:/Users/carlos.baez/Documents/java_projects/jenkins/build/classes/java/main/com/ceiba/jenkins/]]
09:04:03.102 [Test worker] DEBUG org.springframework.core.io.support.PathMatchingResourcePatternResolver - Looking for matching resources in directory tree [C:\Users\carlos.baez\Documents\java_projects\jenkins\build\classes\java\test\com\ceiba\jenkins]
09:04:03.103 [Test worker] DEBUG org.springframework.core.io.support.PathMatchingResourcePatternResolver - Searching directory [C:\Users\carlos.baez\Documents\java_projects\jenkins\build\classes\java\test\com\ceiba\jenkins] for files matching pattern [C:/Users/carlos.baez/Documents/java_projects/jenkins/build/classes/java/test/com/ceiba/jenkins/*.class]
09:04:03.115 [Test worker] DEBUG org.springframework.core.io.support.PathMatchingResourcePatternResolver - Looking for matching resources in directory tree [C:\Users\carlos.baez\Documents\java_projects\jenkins\build\classes\java\main\com\ceiba\jenkins]
09:04:03.118 [Test worker] DEBUG org.springframework.core.io.support.PathMatchingResourcePatternResolver - Searching directory [C:\Users\carlos.baez\Documents\java_projects\jenkins\build\classes\java\main\com\ceiba\jenkins] for files matching pattern [C:/Users/carlos.baez/Documents/java_projects/jenkins/build/classes/java/main/com/ceiba/jenkins/*.class]
09:04:03.121 [Test worker] DEBUG org.springframework.core.io.support.PathMatchingResourcePatternResolver - Resolved location pattern [classpath*:com/ceiba/jenkins/*.class] to resources [file [C:\Users\carlos.baez\Documents\java_projects\jenkins\build\classes\java\test\com\ceiba\jenkins\JenkinsApplicationTests.class], file [C:\Users\carlos.baez\Documents\java_projects\jenkins\build\classes\java\main\com\ceiba\jenkins\JenkinsApplication.class]]
09:04:03.330 [Test worker] DEBUG org.springframework.context.annotation.ClassPathScanningCandidateComponentProvider - Identified candidate component class: file [C:\Users\carlos.baez\Documents\java_projects\jenkins\build\classes\java\main\com\ceiba\jenkins\JenkinsApplication.class]
09:04:03.339 [Test worker] INFO org.springframework.boot.test.context.SpringBootTestContextBootstrapper - Found @SpringBootConfiguration com.ceiba.jenkins.JenkinsApplication for test class com.ceiba.jenkins.JenkinsApplicationTests
09:04:03.862 [Test worker] DEBUG org.springframework.boot.test.context.SpringBootTestContextBootstrapper - @TestExecutionListeners is not present for class [com.ceiba.jenkins.JenkinsApplicationTests]: using defaults.
09:04:03.865 [Test worker] INFO org.springframework.boot.test.context.SpringBootTestContextBootstrapper - Loaded default TestExecutionListener class names from location [META-INF/spring.factories]: [org.springframework.boot.test.autoconfigure.restdocs.RestDocsTestExecutionListener, org.springframework.boot.test.autoconfigure.web.client.MockRestServiceServerResetTestExecutionListener, org.springframework.boot.test.autoconfigure.web.servlet.MockMvcPrintOnlyOnFailureTestExecutionListener, org.springframework.boot.test.autoconfigure.web.servlet.WebDriverTestExecutionListener, org.springframework.boot.test.mock.mockito.MockitoTestExecutionListener, org.springframework.boot.test.mock.mockito.ResetMocksTestExecutionListener, org.springframework.test.context.web.ServletTestExecutionListener, org.springframework.test.context.support.DirtiesContextBeforeModesTestExecutionListener, org.springframework.test.context.support.DependencyInjectionTestExecutionListener, org.springframework.test.context.support.DirtiesContextTestExecutionListener, org.springframework.test.context.transaction.TransactionalTestExecutionListener, org.springframework.test.context.jdbc.SqlScriptsTestExecutionListener]
09:04:03.942 [Test worker] INFO org.springframework.boot.test.context.SpringBootTestContextBootstrapper - Using TestExecutionListeners: [org.springframework.test.context.web.ServletTestExecutionListener@1c8f997f, org.springframework.test.context.support.DirtiesContextBeforeModesTestExecutionListener@3cf3e3f8, org.springframework.boot.test.mock.mockito.MockitoTestExecutionListener@4f5ed94c, org.springframework.boot.test.autoconfigure.SpringBootDependencyInjectionTestExecutionListener@475cdf4c, org.springframework.test.context.support.DirtiesContextTestExecutionListener@2778f2b9, org.springframework.test.context.transaction.TransactionalTestExecutionListener@4b7398d, org.springframework.test.context.jdbc.SqlScriptsTestExecutionListener@3d9a14ee, org.springframework.boot.test.autoconfigure.restdocs.RestDocsTestExecutionListener@1c9d1aae, org.springframework.boot.test.autoconfigure.web.client.MockRestServiceServerResetTestExecutionListener@7c90cebe, org.springframework.boot.test.autoconfigure.web.servlet.MockMvcPrintOnlyOnFailureTestExecutionListener@4156fbf0, org.springframework.boot.test.autoconfigure.web.servlet.WebDriverTestExecutionListener@2c06aa50, org.springframework.boot.test.mock.mockito.ResetMocksTestExecutionListener@58ba8d14]
09:04:03.950 [Test worker] DEBUG org.springframework.test.annotation.ProfileValueUtils - Retrieved @ProfileValueSourceConfiguration [null] for test class [com.ceiba.jenkins.JenkinsApplicationTests]
09:04:03.953 [Test worker] DEBUG org.springframework.test.annotation.ProfileValueUtils - Retrieved ProfileValueSource type [class org.springframework.test.annotation.SystemProfileValueSource] for class [com.ceiba.jenkins.JenkinsApplicationTests]
09:04:03.956 [Test worker] DEBUG org.springframework.test.annotation.ProfileValueUtils - Retrieved @ProfileValueSourceConfiguration [null] for test class [com.ceiba.jenkins.JenkinsApplicationTests]
09:04:03.958 [Test worker] DEBUG org.springframework.test.annotation.ProfileValueUtils - Retrieved ProfileValueSource type [class org.springframework.test.annotation.SystemProfileValueSource] for class [com.ceiba.jenkins.JenkinsApplicationTests]
09:04:03.977 [Test worker] DEBUG org.springframework.test.context.support.AbstractDirtiesContextTestExecutionListener - Before test class: context [DefaultTestContext@46336cec testClass = JenkinsApplicationTests, testInstance = [null], testMethod = [null], testException = [null], mergedContextConfiguration = [WebMergedContextConfiguration@1e86df15 testClass = JenkinsApplicationTests, locations = '{}', classes = '{class com.ceiba.jenkins.JenkinsApplication}', contextInitializerClasses = '[]', activeProfiles = '{}', propertySourceLocations = '{}', propertySourceProperties = '{org.springframework.boot.test.context.SpringBootTestContextBootstrapper=true}', contextCustomizers = set[org.springframework.boot.test.autoconfigure.properties.PropertyMappingContextCustomizer@0, org.springframework.boot.test.autoconfigure.web.servlet.WebDriverContextCustomizerFactory$Customizer@2ca297f5, org.springframework.boot.test.context.filter.ExcludeFilterContextCustomizer@1d0c360f, org.springframework.boot.test.json.DuplicateJsonObjectContextCustomizerFactory$DuplicateJsonObjectContextCustomizer@727963bc, org.springframework.boot.test.mock.mockito.MockitoContextCustomizer@0, org.springframework.boot.test.web.client.TestRestTemplateContextCustomizer@4d345b06], resourceBasePath = 'src/main/webapp', contextLoader = 'org.springframework.boot.test.context.SpringBootContextLoader', parent = [null]], attributes = map['org.springframework.test.context.web.ServletTestExecutionListener.activateListener' -> true]], class annotated with @DirtiesContext [false] with mode [null].
09:04:03.980 [Test worker] DEBUG org.springframework.test.annotation.ProfileValueUtils - Retrieved @ProfileValueSourceConfiguration [null] for test class [com.ceiba.jenkins.JenkinsApplicationTests]
09:04:03.981 [Test worker] DEBUG org.springframework.test.annotation.ProfileValueUtils - Retrieved ProfileValueSource type [class org.springframework.test.annotation.SystemProfileValueSource] for class [com.ceiba.jenkins.JenkinsApplicationTests]
09:04:04.099 [Test worker] DEBUG org.springframework.core.env.StandardEnvironment - Adding PropertySource 'systemProperties' with lowest search precedence
09:04:04.099 [Test worker] DEBUG org.springframework.core.env.StandardEnvironment - Adding PropertySource 'systemEnvironment' with lowest search precedence
09:04:04.100 [Test worker] DEBUG org.springframework.core.env.StandardEnvironment - Initialized StandardEnvironment with PropertySources [MapPropertySource@271044017 {name='systemProperties', properties={java.runtime.name=Java(TM) SE Runtime Environment, sun.boot.library.path=C:\Program Files\Java\jdk1.8.0_191\jre\bin, java.vm.version=25.191-b12, java.vm.vendor=Oracle Corporation, java.vendor.url=http://java.oracle.com/, path.separator=;, java.vm.name=Java HotSpot(TM) 64-Bit Server VM, file.encoding.pkg=sun.io, user.script=, sun.java.launcher=SUN_STANDARD, user.country=US, sun.os.patch.level=, java.vm.specification.name=Java Virtual Machine Specification, user.dir=C:\Users\carlos.baez\Documents\java_projects\jenkins, java.runtime.version=1.8.0_191-b12, java.awt.graphicsenv=sun.awt.Win32GraphicsEnvironment, java.endorsed.dirs=C:\Program Files\Java\jdk1.8.0_191\jre\lib\endorsed, os.arch=amd64, java.io.tmpdir=C:\Users\CARLOS~1.BAE\AppData\Local\Temp\, line.separator=
, java.vm.specification.vendor=Oracle Corporation, user.variant=, os.name=Windows 10, sun.jnu.encoding=Cp1252, java.library.path=C:\Program Files\Java\jdk1.8.0_191\bin;C:\Windows\Sun\Java\bin;C:\Windows\system32;C:\Windows;C:\Program Files (x86)\Common Files\Oracle\Java\javapath;C:\Oracle\product\12.2.0\client_1\bin;C:\Program Files\CollabNet\Subversion Client;C:\Windows\system32;C:\Windows;C:\Windows\System32\Wbem;C:\Windows\System32\WindowsPowerShell\v1.0\;C:\Windows\System32\OpenSSH\;C:\Program Files\TortoiseSVN\bin;C:\Program Files (x86)\ATI Technologies\ATI.ACE\Core-Static;C:\Program Files\PuTTY\;C:\Program Files\Git\cmd;C:\Program Files\nodejs\;C:\Users\carlos.baez\AppData\Local\Microsoft\WindowsApps;;C:\Users\carlos.baez\AppData\Local\Programs\Microsoft VS Code\bin;C:\Users\carlos.baez\AppData\Roaming\npm;., java.specification.name=Java Platform API Specification, java.class.version=52.0, org.gradle.native=false, sun.management.compiler=HotSpot 64-Bit Tiered Compilers, os.version=10.0, user.home=C:\Users\carlos.baez, user.timezone=America/Bogota, java.awt.printerjob=sun.awt.windows.WPrinterJob, file.encoding=windows-1252, java.specification.version=1.8, java.class.path=C:\Users\carlos.baez\Documents\java_projects\jenkins\build\classes\java\test;C:\Users\carlos.baez\Documents\java_projects\jenkins\build\resources\test;C:\Users\carlos.baez\Documents\java_projects\jenkins\build\classes\java\main;C:\Users\carlos.baez\Documents\java_projects\jenkins\build\resources\main;C:\Users\carlos.baez\.gradle\caches\modules-2\files-2.1\org.springframework.boot\spring-boot-starter-data-jpa\2.0.6.RELEASE\5c73f7a2c27920a32eefb8b172f3aa387295751b\spring-boot-starter-data-jpa-2.0.6.RELEASE.jar;C:\Users\carlos.baez\.gradle\caches\modules-2\files-2.1\org.springframework.boot\spring-boot-starter-web\2.0.6.RELEASE\e803fc341b450b2ce01734df12e5881b8e78c0a7\spring-boot-starter-web-2.0.6.RELEASE.jar;C:\Users\carlos.baez\.gradle\caches\modules-2\files-2.1\com.h2database\h2\1.4.197\bb391050048ca8ae3e32451b5a3714ecd3596a46\h2-1.4.197.jar;C:\Users\carlos.baez\.gradle\caches\modules-2\files-2.1\org.springframework.boot\spring-boot-starter-test\2.0.6.RELEASE\f92fd015cfc9a9bd6ae653dca8d4ec5b83d4ba00\spring-boot-starter-test-2.0.6.RELEASE.jar;C:\Users\carlos.baez\.gradle\caches\modules-2\files-2.1\org.springframework.boot\spring-boot-starter-aop\2.0.6.RELEASE\f3db2e05267686fd97af5460a155bac4298fab4d\spring-boot-starter-aop-2.0.6.RELEASE.jar;C:\Users\carlos.baez\.gradle\caches\modules-2\files-2.1\org.springframework.boot\spring-boot-starter-jdbc\2.0.6.RELEASE\5a65c8ce23562f18d70df947bffcd353e1ac2a41\spring-boot-starter-jdbc-2.0.6.RELEASE.jar;C:\Users\carlos.baez\.gradle\caches\modules-2\files-2.1\org.springframework.boot\spring-boot-starter-json\2.0.6.RELEASE\1b3912af3eecdbbc6cda497acc7939f2ce21e39d\spring-boot-starter-json-2.0.6.RELEASE.jar;C:\Users\carlos.baez\.gradle\caches\modules-2\files-2.1\org.springframework.boot\spring-boot-starter\2.0.6.RELEASE\9d904a4387e076343a3478c32198ec7d9d633ff4\spring-boot-starter-2.0.6.RELEASE.jar;C:\Users\carlos.baez\.gradle\caches\modules-2\files-2.1\javax.transaction\javax.transaction-api\1.2\d81aff979d603edd90dcd8db2abc1f4ce6479e3e\javax.transaction-api-1.2.jar;C:\Users\carlos.baez\.gradle\caches\modules-2\files-2.1\org.hibernate\hibernate-core\5.2.17.Final\f2dc36470e7a2ffcf6106bb1625ecf5b54bb5f65\hibernate-core-5.2.17.Final.jar;C:\Users\carlos.baez\.gradle\caches\modules-2\files-2.1\org.springframework.data\spring-data-jpa\2.0.11.RELEASE\40106aade7ec8ec9e3310d25a5c310dd7e8260d5\spring-data-jpa-2.0.11.RELEASE.jar;C:\Users\carlos.baez\.gradle\caches\modules-2\files-2.1\org.springframework\spring-aspects\5.0.10.RELEASE\1c86d8efa425cdbe7e6d2681816d388c0d30efa7\spring-aspects-5.0.10.RELEASE.jar;C:\Users\carlos.baez\.gradle\caches\modules-2\files-2.1\org.springframework.boot\spring-boot-starter-tomcat\2.0.6.RELEASE\64b22bc3d0ba734532e7cbe941354985f2a86242\spring-boot-starter-tomcat-2.0.6.RELEASE.jar;C:\Users\carlos.baez\.gradle\caches\modules-2\files-2.1\org.hibernate.validator\hibernate-validator\6.0.13.Final\af4232bf90ecd33c71147d67185dbb1cfe8f33df\hibernate-validator-6.0.13.Final.jar;C:\Users\carlos.baez\.gradle\caches\modules-2\files-2.1\org.springframework\spring-webmvc\5.0.10.RELEASE\88a601321e2b4e3b84eed0909c24b9dd8e453b5f\spring-webmvc-5.0.10.RELEASE.jar;C:\Users\carlos.baez\.gradle\caches\modules-2\files-2.1\org.springframework\spring-web\5.0.10.RELEASE\fbaaa53ec99f45fd7aaf9125beeb5c3388cce088\spring-web-5.0.10.RELEASE.jar;C:\Users\carlos.baez\.gradle\caches\modules-2\files-2.1\org.springframework.boot\spring-boot-test-autoconfigure\2.0.6.RELEASE\b0eb15474e795850dfa59b01ee6a83d7a39e3645\spring-boot-test-autoconfigure-2.0.6.RELEASE.jar;C:\Users\carlos.baez\.gradle\caches\modules-2\files-2.1\org.springframework.boot\spring-boot-test\2.0.6.RELEASE\33a53ca6d55f35b3a89320c260262a5310ba8afc\spring-boot-test-2.0.6.RELEASE.jar;C:\Users\carlos.baez\.gradle\caches\modules-2\files-2.1\com.jayway.jsonpath\json-path\2.4.0\765a4401ceb2dc8d40553c2075eb80a8fa35c2ae\json-path-2.4.0.jar;C:\Users\carlos.baez\.gradle\caches\modules-2\files-2.1\junit\junit\4.12\2973d150c0dc1fefe998f834810d68f278ea58ec\junit-4.12.jar;C:\Users\carlos.baez\.gradle\caches\modules-2\files-2.1\org.assertj\assertj-core\3.9.1\c5ce126b15f28d56cd8f960c1a6a058b9c9aea87\assertj-core-3.9.1.jar;C:\Users\carlos.baez\.gradle\caches\modules-2\files-2.1\org.mockito\mockito-core\2.15.0\b84bfbbc29cd22c9529409627af6ea2897f4fa85\mockito-core-2.15.0.jar;C:\Users\carlos.baez\.gradle\caches\modules-2\files-2.1\org.hamcrest\hamcrest-library\1.3\4785a3c21320980282f9f33d0d1264a69040538f\hamcrest-library-1.3.jar;C:\Users\carlos.baez\.gradle\caches\modules-2\files-2.1\org.hamcrest\hamcrest-core\1.3\42a25dc3219429f0e5d060061f71acb49bf010a0\hamcrest-core-1.3.jar;C:\Users\carlos.baez\.gradle\caches\modules-2\files-2.1\org.skyscreamer\jsonassert\1.5.0\6c9d5fe2f59da598d9aefc1cfc6528ff3cf32df3\jsonassert-1.5.0.jar;C:\Users\carlos.baez\.gradle\caches\modules-2\files-2.1\org.springframework\spring-test\5.0.10.RELEASE\1d2d272073f36c689c693ec3ec94d7ad7e136a2e\spring-test-5.0.10.RELEASE.jar;C:\Users\carlos.baez\.gradle\caches\modules-2\files-2.1\org.springframework.boot\spring-boot-autoconfigure\2.0.6.RELEASE\e8c88fd703dbdf79f94178a5018ad67d1ecb1d0d\spring-boot-autoconfigure-2.0.6.RELEASE.jar;C:\Users\carlos.baez\.gradle\caches\modules-2\files-2.1\org.springframework.boot\spring-boot\2.0.6.RELEASE\4d214b08bbc74f03d404e8fc862102334e0f73d1\spring-boot-2.0.6.RELEASE.jar;C:\Users\carlos.baez\.gradle\caches\modules-2\files-2.1\org.springframework\spring-orm\5.0.10.RELEASE\ea0e14a753820eb47b63654e495ea370841da156\spring-orm-5.0.10.RELEASE.jar;C:\Users\carlos.baez\.gradle\caches\modules-2\files-2.1\org.springframework\spring-jdbc\5.0.10.RELEASE\16ff6fad897185eb3fb01c58796de04b9b1e8c86\spring-jdbc-5.0.10.RELEASE.jar;C:\Users\carlos.baez\.gradle\caches\modules-2\files-2.1\org.springframework.data\spring-data-commons\2.0.11.RELEASE\273e5cd5d6e772b5c4208b12771ed48647b2b9bb\spring-data-commons-2.0.11.RELEASE.jar;C:\Users\carlos.baez\.gradle\caches\modules-2\files-2.1\org.springframework\spring-context\5.0.10.RELEASE\6f53de0618219fefc2aebf92ba175e6b33e14ce0\spring-context-5.0.10.RELEASE.jar;C:\Users\carlos.baez\.gradle\caches\modules-2\files-2.1\org.springframework\spring-tx\5.0.10.RELEASE\55608ae84fde15eb942d675e3b1ee7d30394d4cb\spring-tx-5.0.10.RELEASE.jar;C:\Users\carlos.baez\.gradle\caches\modules-2\files-2.1\org.springframework\spring-aop\5.0.10.RELEASE\da65874f61aef9c25db794f493e50683346d3056\spring-aop-5.0.10.RELEASE.jar;C:\Users\carlos.baez\.gradle\caches\modules-2\files-2.1\org.springframework\spring-beans\5.0.10.RELEASE\8ec7da928082a123c50d5d70cd4b46382db27e8b\spring-beans-5.0.10.RELEASE.jar;C:\Users\carlos.baez\.gradle\caches\modules-2\files-2.1\org.springframework\spring-expression\5.0.10.RELEASE\eaf8595e3bf18ef1aca1c233d9871552d258e38a\spring-expression-5.0.10.RELEASE.jar;C:\Users\carlos.baez\.gradle\caches\modules-2\files-2.1\org.springframework\spring-core\5.0.10.RELEASE\cb270a60ceb573961588f511222984de64b4bc96\spring-core-5.0.10.RELEASE.jar;C:\Users\carlos.baez\.gradle\caches\modules-2\files-2.1\org.xmlunit\xmlunit-core\2.5.1\4ffdb346572a7356f7521cd3119ce5287d2e339d\xmlunit-core-2.5.1.jar;C:\Users\carlos.baez\.gradle\caches\modules-2\files-2.1\org.springframework.boot\spring-boot-starter-logging\2.0.6.RELEASE\a730d62c8eb80cdc95e5089e47570d24731cf5dd\spring-boot-starter-logging-2.0.6.RELEASE.jar;C:\Users\carlos.baez\.gradle\caches\modules-2\files-2.1\javax.annotation\javax.annotation-api\1.3.2\934c04d3cfef185a8008e7bf34331b79730a9d43\javax.annotation-api-1.3.2.jar;C:\Users\carlos.baez\.gradle\caches\modules-2\files-2.1\org.yaml\snakeyaml\1.19\2d998d3d674b172a588e54ab619854d073f555b5\snakeyaml-1.19.jar;C:\Users\carlos.baez\.gradle\caches\modules-2\files-2.1\org.aspectj\aspectjweaver\1.8.13\ad94df2a28d658a40dc27bbaff6a1ce5fbf04e9b\aspectjweaver-1.8.13.jar;C:\Users\carlos.baez\.gradle\caches\modules-2\files-2.1\com.zaxxer\HikariCP\2.7.9\a83113d2c091d0d0f853dad3217bd7df3beb6ae3\HikariCP-2.7.9.jar;C:\Users\carlos.baez\.gradle\caches\modules-2\files-2.1\org.hibernate.common\hibernate-commons-annotations\5.0.1.Final\71e1cff3fcb20d3b3af4f3363c3ddb24d33c6879\hibernate-commons-annotations-5.0.1.Final.jar;C:\Users\carlos.baez\.gradle\caches\modules-2\files-2.1\org.jboss.logging\jboss-logging\3.3.2.Final\3789d00e859632e6c6206adc0c71625559e6e3b0\jboss-logging-3.3.2.Final.jar;C:\Users\carlos.baez\.gradle\caches\modules-2\files-2.1\org.hibernate.javax.persistence\hibernate-jpa-2.1-api\1.0.2.Final\52afb5762c704a6b586e27742470c08f91877fc1\hibernate-jpa-2.1-api-1.0.2.Final.jar;C:\Users\carlos.baez\.gradle\caches\modules-2\files-2.1\org.javassist\javassist\3.22.0-GA\3e83394258ae2089be7219b971ec21a8288528ad\javassist-3.22.0-GA.jar;C:\Users\carlos.baez\.gradle\caches\modules-2\files-2.1\antlr\antlr\2.7.7\83cd2cd674a217ade95a4bb83a8a14f351f48bd0\antlr-2.7.7.jar;C:\Users\carlos.baez\.gradle\caches\modules-2\files-2.1\org.jboss\jandex\2.0.3.Final\bfc4d6257dbff7a33a357f0de116be6ff951d849\jandex-2.0.3.Final.jar;C:\Users\carlos.baez\.gradle\caches\modules-2\files-2.1\com.fasterxml\classmate\1.3.4\3d5f48f10bbe4eb7bd862f10c0583be2e0053c6\classmate-1.3.4.jar;C:\Users\carlos.baez\.gradle\caches\modules-2\files-2.1\dom4j\dom4j\1.6.1\5d3ccc056b6f056dbf0dddfdf43894b9065a8f94\dom4j-1.6.1.jar;C:\Users\carlos.baez\.gradle\caches\modules-2\files-2.1\ch.qos.logback\logback-classic\1.2.3\7c4f3c474fb2c041d8028740440937705ebb473a\logback-classic-1.2.3.jar;C:\Users\carlos.baez\.gradle\caches\modules-2\files-2.1\org.apache.logging.log4j\log4j-to-slf4j\2.10.0\f7e631ccf49cfc0aefa4a2a728da7d374c05bd3c\log4j-to-slf4j-2.10.0.jar;C:\Users\carlos.baez\.gradle\caches\modules-2\files-2.1\org.slf4j\jul-to-slf4j\1.7.25\af5364cd6679bfffb114f0dec8a157aaa283b76\jul-to-slf4j-1.7.25.jar;C:\Users\carlos.baez\.gradle\caches\modules-2\files-2.1\org.slf4j\slf4j-api\1.7.25\da76ca59f6a57ee3102f8f9bd9cee742973efa8a\slf4j-api-1.7.25.jar;C:\Users\carlos.baez\.gradle\caches\modules-2\files-2.1\com.fasterxml.jackson.datatype\jackson-datatype-jdk8\2.9.7\98d8f190db07f97c64c0ea3af5792f718a6c2cc1\jackson-datatype-jdk8-2.9.7.jar;C:\Users\carlos.baez\.gradle\caches\modules-2\files-2.1\com.fasterxml.jackson.datatype\jackson-datatype-jsr310\2.9.7\cbd919f1ce67533e07b98dd493247e8dbabc26b2\jackson-datatype-jsr310-2.9.7.jar;C:\Users\carlos.baez\.gradle\caches\modules-2\files-2.1\com.fasterxml.jackson.module\jackson-module-parameter-names\2.9.7\f2bdd7696beffa2dbc5dc62cd24c3906a40ffcff\jackson-module-parameter-names-2.9.7.jar;C:\Users\carlos.baez\.gradle\caches\modules-2\files-2.1\com.fasterxml.jackson.core\jackson-databind\2.9.7\e6faad47abd3179666e89068485a1b88a195ceb7\jackson-databind-2.9.7.jar;C:\Users\carlos.baez\.gradle\caches\modules-2\files-2.1\org.apache.tomcat.embed\tomcat-embed-websocket\8.5.34\5f86906367c2540b21e6aeecc277d2ce9ec939b0\tomcat-embed-websocket-8.5.34.jar;C:\Users\carlos.baez\.gradle\caches\modules-2\files-2.1\org.apache.tomcat.embed\tomcat-embed-core\8.5.34\a038040d68a90397f95dd1e11b979fe364a5000f\tomcat-embed-core-8.5.34.jar;C:\Users\carlos.baez\.gradle\caches\modules-2\files-2.1\org.apache.tomcat.embed\tomcat-embed-el\8.5.34\be71a9a5bdd001db7cf97c47429eec0bdd3b7b88\tomcat-embed-el-8.5.34.jar;C:\Users\carlos.baez\.gradle\caches\modules-2\files-2.1\javax.validation\validation-api\2.0.1.Final\cb855558e6271b1b32e716d24cb85c7f583ce09e\validation-api-2.0.1.Final.jar;C:\Users\carlos.baez\.gradle\caches\modules-2\files-2.1\net.minidev\json-smart\2.3\7396407491352ce4fa30de92efb158adb76b5b\json-smart-2.3.jar;C:\Users\carlos.baez\.gradle\caches\modules-2\files-2.1\net.bytebuddy\byte-buddy\1.7.11\f02857a4e2c66ccbe7aaad6100a0a6c461bce9b3\byte-buddy-1.7.11.jar;C:\Users\carlos.baez\.gradle\caches\modules-2\files-2.1\net.bytebuddy\byte-buddy-agent\1.7.11\b425a8933ca07edd03c6dbc8bc3b595fba9780de\byte-buddy-agent-1.7.11.jar;C:\Users\carlos.baez\.gradle\caches\modules-2\files-2.1\org.objenesis\objenesis\2.6\639033469776fd37c08358c6b92a4761feb2af4b\objenesis-2.6.jar;C:\Users\carlos.baez\.gradle\caches\modules-2\files-2.1\com.vaadin.external.google\android-json\0.0.20131108.vaadin1\fa26d351fe62a6a17f5cda1287c1c6110dec413f\android-json-0.0.20131108.vaadin1.jar;C:\Users\carlos.baez\.gradle\caches\modules-2\files-2.1\org.springframework\spring-jcl\5.0.10.RELEASE\8d6a766be91ae5613f2828eb9f77739a47ceb357\spring-jcl-5.0.10.RELEASE.jar;C:\Users\carlos.baez\.gradle\caches\modules-2\files-2.1\com.fasterxml.jackson.core\jackson-annotations\2.9.0\7c10d545325e3a6e72e06381afe469fd40eb701\jackson-annotations-2.9.0.jar;C:\Users\carlos.baez\.gradle\caches\modules-2\files-2.1\com.fasterxml.jackson.core\jackson-core\2.9.7\4b7f0e0dc527fab032e9800ed231080fdc3ac015\jackson-core-2.9.7.jar;C:\Users\carlos.baez\.gradle\caches\modules-2\files-2.1\net.minidev\accessors-smart\1.2\c592b500269bfde36096641b01238a8350f8aa31\accessors-smart-1.2.jar;C:\Users\carlos.baez\.gradle\caches\modules-2\files-2.1\ch.qos.logback\logback-core\1.2.3\864344400c3d4d92dfeb0a305dc87d953677c03c\logback-core-1.2.3.jar;C:\Users\carlos.baez\.gradle\caches\modules-2\files-2.1\org.apache.logging.log4j\log4j-api\2.10.0\fec5797a55b786184a537abd39c3fa1449d752d6\log4j-api-2.10.0.jar;C:\Users\carlos.baez\.gradle\caches\modules-2\files-2.1\org.ow2.asm\asm\5.0.4\da08b8cce7bbf903602a25a3a163ae252435795\asm-5.0.4.jar, user.name=carlos.baez, java.vm.specification.version=1.8, sun.java.command=worker.org.gradle.process.internal.worker.GradleWorkerMain 'Gradle Test Executor 1', java.home=C:\Program Files\Java\jdk1.8.0_191\jre, sun.arch.data.model=64, user.language=en, java.specification.vendor=Oracle Corporation, awt.toolkit=sun.awt.windows.WToolkit, java.vm.info=mixed mode, java.version=1.8.0_191, java.ext.dirs=C:\Program Files\Java\jdk1.8.0_191\jre\lib\ext;C:\Windows\Sun\Java\lib\ext, sun.boot.class.path=C:\Program Files\Java\jdk1.8.0_191\jre\lib\resources.jar;C:\Program Files\Java\jdk1.8.0_191\jre\lib\rt.jar;C:\Program Files\Java\jdk1.8.0_191\jre\lib\sunrsasign.jar;C:\Program Files\Java\jdk1.8.0_191\jre\lib\jsse.jar;C:\Program Files\Java\jdk1.8.0_191\jre\lib\jce.jar;C:\Program Files\Java\jdk1.8.0_191\jre\lib\charsets.jar;C:\Program Files\Java\jdk1.8.0_191\jre\lib\jfr.jar;C:\Program Files\Java\jdk1.8.0_191\jre\classes, java.vendor=Oracle Corporation, org.gradle.test.worker=1, file.separator=\, java.vendor.url.bug=http://bugreport.sun.com/bugreport/, sun.io.unicode.encoding=UnicodeLittle, sun.cpu.endian=little, sun.desktop=windows, sun.cpu.isalist=amd64}}, SystemEnvironmentPropertySource@273419990 {name='systemEnvironment', properties={USERDOMAIN_ROAMINGPROFILE=CEIBA, PROCESSOR_LEVEL=6, SESSIONNAME=Console, ALLUSERSPROFILE=C:\ProgramData, PROCESSOR_ARCHITECTURE=AMD64, PSModulePath=C:\Program Files\WindowsPowerShell\Modules;C:\Windows\system32\WindowsPowerShell\v1.0\Modules, SystemDrive=C:, DIRNAME=C:\Users\carlos.baez\Documents\java_projects\jenkins\, USERNAME=carlos.baez, USERDNSDOMAIN=CEIBA.LOCAL, CMD_LINE_ARGS=test --stacktrace --debug, ProgramFiles(x86)=C:\Program Files (x86), FPS_BROWSER_USER_PROFILE_STRING=Default, APP_HOME=C:\Users\carlos.baez\Documents\java_projects\jenkins\, PATHEXT=.COM;.EXE;.BAT;.CMD;.VBS;.VBE;.JS;.JSE;.WSF;.WSH;.MSC, DriverData=C:\Windows\System32\Drivers\DriverData, ProgramData=C:\ProgramData, ProgramW6432=C:\Program Files, HOMEPATH=\Users\carlos.baez, PROCESSOR_IDENTIFIER=Intel64 Family 6 Model 60 Stepping 3, GenuineIntel, ProgramFiles=C:\Program Files, PUBLIC=C:\Users\Public, windir=C:\Windows, =::=::\, _SKIP=2, LOCALAPPDATA=C:\Users\carlos.baez\AppData\Local, USERDOMAIN=CEIBA, FPS_BROWSER_APP_PROFILE_STRING=Internet Explorer, LOGONSERVER=\\CRONOS, JAVA_HOME=C:\Program Files\Java\jdk1.8.0_191, PROMPT=$P$G, OneDrive=C:\Users\carlos.baez\OneDrive, =C:=C:\Users\carlos.baez\Documents\java_projects\jenkins, APPDATA=C:\Users\carlos.baez\AppData\Roaming, JAVA_EXE=C:\Program Files\Java\jdk1.8.0_191/bin/java.exe, CommonProgramFiles=C:\Program Files\Common Files, Path=C:\Program Files (x86)\Common Files\Oracle\Java\javapath;C:\Oracle\product\12.2.0\client_1\bin;C:\Program Files\CollabNet\Subversion Client;C:\Windows\system32;C:\Windows;C:\Windows\System32\Wbem;C:\Windows\System32\WindowsPowerShell\v1.0\;C:\Windows\System32\OpenSSH\;C:\Program Files\TortoiseSVN\bin;C:\Program Files (x86)\ATI Technologies\ATI.ACE\Core-Static;C:\Program Files\PuTTY\;C:\Program Files\Git\cmd;C:\Program Files\nodejs\;C:\Users\carlos.baez\AppData\Local\Microsoft\WindowsApps;;C:\Users\carlos.baez\AppData\Local\Programs\Microsoft VS Code\bin;C:\Users\carlos.baez\AppData\Roaming\npm, OS=Windows_NT, COMPUTERNAME=CARLOS-BAEZ, PROCESSOR_REVISION=3c03, CLASSPATH=C:\Users\carlos.baez\Documents\java_projects\jenkins\\gradle\wrapper\gradle-wrapper.jar, CommonProgramW6432=C:\Program Files\Common Files, ComSpec=C:\Windows\system32\cmd.exe, APP_BASE_NAME=gradlew, SystemRoot=C:\Windows, TEMP=C:\Users\CARLOS~1.BAE\AppData\Local\Temp, HOMEDRIVE=C:, USERPROFILE=C:\Users\carlos.baez, TMP=C:\Users\CARLOS~1.BAE\AppData\Local\Temp, CommonProgramFiles(x86)=C:\Program Files (x86)\Common Files, NUMBER_OF_PROCESSORS=4}}]
09:04:04.108 [Test worker] DEBUG org.springframework.test.context.support.TestPropertySourceUtils - Adding inlined properties to environment: {spring.jmx.enabled=false, org.springframework.boot.test.context.SpringBootTestContextBootstrapper=true, server.port=-1}
09:04:04.110 [Test worker] DEBUG org.springframework.core.env.StandardEnvironment - Adding PropertySource 'Inlined Test Properties' with highest search precedence

  .   ____          _            __ _ _
 /\\ / ___'_ __ _ _(_)_ __  __ _ \ \ \ \
( ( )\___ | '_ | '_| | '_ \/ _` | \ \ \ \
 \\/  ___)| |_)| | | | | || (_| |  ) ) ) )
  '  |____| .__|_| |_|_| |_\__, | / / / /
 =========|_|==============|___/=/_/_/_/
 :: Spring Boot ::        (v2.0.6.RELEASE)

2018-11-07 09:04:04.980  INFO 12132 --- [    Test worker] c.ceiba.jenkins.JenkinsApplicationTests  : Starting JenkinsApplicationTests on CARLOS-BAEZ with PID 12132 (started by carlos.baez in C:\Users\carlos.baez\Documents\java_projects\jenkins)
2018-11-07 09:04:04.983  INFO 12132 --- [    Test worker] c.ceiba.jenkins.JenkinsApplicationTests  : No active profile set, falling back to default profiles: default
2018-11-07 09:04:05.096  INFO 12132 --- [    Test worker] o.s.w.c.s.GenericWebApplicationContext   : Refreshing org.springframework.web.context.support.GenericWebApplicationContext@1a261235: startup date [Wed Nov 07 09:04:05 COT 2018]; root of context hierarchy
2018-11-07 09:04:08.431  INFO 12132 --- [    Test worker] trationDelegate$BeanPostProcessorChecker : Bean 'org.springframework.transaction.annotation.ProxyTransactionManagementConfiguration' of type [org.springframework.transaction.annotation.ProxyTransactionManagementConfiguration$$EnhancerBySpringCGLIB$$e8f99db] is not eligible for getting processed by all BeanPostProcessors (for example: not eligible for auto-proxying)
2018-11-07 09:04:09.158  INFO 12132 --- [    Test worker] com.zaxxer.hikari.HikariDataSource       : HikariPool-1 - Starting...
2018-11-07 09:04:09.960  INFO 12132 --- [    Test worker] com.zaxxer.hikari.HikariDataSource       : HikariPool-1 - Start completed.
2018-11-07 09:04:10.143  INFO 12132 --- [    Test worker] j.LocalContainerEntityManagerFactoryBean : Building JPA container EntityManagerFactory for persistence unit 'default'
2018-11-07 09:04:10.237  INFO 12132 --- [    Test worker] o.hibernate.jpa.internal.util.LogHelper  : HHH000204: Processing PersistenceUnitInfo [
	name: default
	...]
2018-11-07 09:04:10.609  INFO 12132 --- [    Test worker] org.hibernate.Version                    : HHH000412: Hibernate Core {5.2.17.Final}
2018-11-07 09:04:10.616  INFO 12132 --- [    Test worker] org.hibernate.cfg.Environment            : HHH000206: hibernate.properties not found
2018-11-07 09:04:10.792  INFO 12132 --- [    Test worker] o.hibernate.annotations.common.Version   : HCANN000001: Hibernate Commons Annotations {5.0.1.Final}
2018-11-07 09:04:11.326  INFO 12132 --- [    Test worker] org.hibernate.dialect.Dialect            : HHH000400: Using dialect: org.hibernate.dialect.H2Dialect
2018-11-07 09:04:12.277  INFO 12132 --- [    Test worker] o.h.t.schema.internal.SchemaCreatorImpl  : HHH000476: Executing import script 'org.hibernate.tool.schema.internal.exec.ScriptSourceInputNonExistentImpl@67026c6b'
2018-11-07 09:04:12.287  INFO 12132 --- [    Test worker] j.LocalContainerEntityManagerFactoryBean : Initialized JPA EntityManagerFactory for persistence unit 'default'
2018-11-07 09:04:13.079  INFO 12132 --- [    Test worker] o.s.w.s.handler.SimpleUrlHandlerMapping  : Mapped URL path [/**/favicon.ico] onto handler of type [class org.springframework.web.servlet.resource.ResourceHttpRequestHandler]
2018-11-07 09:04:13.858  INFO 12132 --- [    Test worker] s.w.s.m.m.a.RequestMappingHandlerAdapter : Looking for @ControllerAdvice: org.springframework.web.context.support.GenericWebApplicationContext@1a261235: startup date [Wed Nov 07 09:04:05 COT 2018]; root of context hierarchy
2018-11-07 09:04:13.991  WARN 12132 --- [    Test worker] aWebConfiguration$JpaWebMvcConfiguration : spring.jpa.open-in-view is enabled by default. Therefore, database queries may be performed during view rendering. Explicitly configure spring.jpa.open-in-view to disable this warning
2018-11-07 09:04:14.129  INFO 12132 --- [    Test worker] s.w.s.m.m.a.RequestMappingHandlerMapping : Mapped "{[/],methods=[GET],produces=[application/json]}" onto public java.lang.String com.ceiba.jenkins.controllers.IndexController.index()
2018-11-07 09:04:14.138  INFO 12132 --- [    Test worker] s.w.s.m.m.a.RequestMappingHandlerMapping : Mapped "{[/error]}" onto public org.springframework.http.ResponseEntity<java.util.Map<java.lang.String, java.lang.Object>> org.springframework.boot.autoconfigure.web.servlet.error.BasicErrorController.error(javax.servlet.http.HttpServletRequest)
2018-11-07 09:04:14.142  INFO 12132 --- [    Test worker] s.w.s.m.m.a.RequestMappingHandlerMapping : Mapped "{[/error],produces=[text/html]}" onto public org.springframework.web.servlet.ModelAndView org.springframework.boot.autoconfigure.web.servlet.error.BasicErrorController.errorHtml(javax.servlet.http.HttpServletRequest,javax.servlet.http.HttpServletResponse)
2018-11-07 09:04:14.218  INFO 12132 --- [    Test worker] o.s.w.s.handler.SimpleUrlHandlerMapping  : Mapped URL path [/webjars/**] onto handler of type [class org.springframework.web.servlet.resource.ResourceHttpRequestHandler]
2018-11-07 09:04:14.218  INFO 12132 --- [    Test worker] o.s.w.s.handler.SimpleUrlHandlerMapping  : Mapped URL path [/**] onto handler of type [class org.springframework.web.servlet.resource.ResourceHttpRequestHandler]
2018-11-07 09:04:15.064  INFO 12132 --- [    Test worker] c.ceiba.jenkins.JenkinsApplicationTests  : Started JenkinsApplicationTests in 10.909 seconds (JVM running for 15.288)
]]></system-out>
  <system-err><![CDATA[]]></system-err>
</testsuite>
